<?xml version="1.0" encoding="UTF-8"?>
<coverage generated="1546049456706" clover="3.2.0">
  <project timestamp="1546049456706" name="All files">
    <metrics statements="51" coveredstatements="28" conditionals="14" coveredconditionals="2" methods="24" coveredmethods="10" elements="89" coveredelements="40" complexity="0" loc="51" ncloc="51" packages="5" files="11" classes="11">
      <package name="client">
        <metrics statements="1" coveredstatements="1" conditionals="0" coveredconditionals="0" methods="0" coveredmethods="0"/>
        <file name="setupTests.js" path="/Users/esteban/Respositories/contacts-directory-netcore/client/setupTests.js">
          <metrics statements="1" coveredstatements="1" conditionals="0" coveredconditionals="0" methods="0" coveredmethods="0"/>
          <line num="4" count="6" type="stmt"/>
        </file>
      </package>
      <package name="client.src.components">
        <metrics statements="2" coveredstatements="2" conditionals="0" coveredconditionals="0" methods="1" coveredmethods="1"/>
        <file name="App.jsx" path="/Users/esteban/Respositories/contacts-directory-netcore/client/src/components/App.jsx">
          <metrics statements="2" coveredstatements="2" conditionals="0" coveredconditionals="0" methods="1" coveredmethods="1"/>
          <line num="5" count="1" type="stmt"/>
          <line num="6" count="2" type="stmt"/>
        </file>
      </package>
      <package name="client.src.components.Contacts">
        <metrics statements="21" coveredstatements="21" conditionals="2" coveredconditionals="2" methods="9" coveredmethods="9"/>
        <file name="CreateContactModal.jsx" path="/Users/esteban/Respositories/contacts-directory-netcore/client/src/components/Contacts/CreateContactModal.jsx">
          <metrics statements="3" coveredstatements="3" conditionals="0" coveredconditionals="0" methods="1" coveredmethods="1"/>
          <line num="6" count="3" type="stmt"/>
          <line num="7" count="1" type="stmt"/>
          <line num="17" count="3" type="stmt"/>
        </file>
        <file name="Navigation.jsx" path="/Users/esteban/Respositories/contacts-directory-netcore/client/src/components/Contacts/Navigation.jsx">
          <metrics statements="3" coveredstatements="3" conditionals="0" coveredconditionals="0" methods="1" coveredmethods="1"/>
          <line num="5" count="3" type="stmt"/>
          <line num="6" count="1" type="stmt"/>
          <line num="22" count="3" type="stmt"/>
        </file>
        <file name="SearchBar.jsx" path="/Users/esteban/Respositories/contacts-directory-netcore/client/src/components/Contacts/SearchBar.jsx">
          <metrics statements="5" coveredstatements="5" conditionals="2" coveredconditionals="2" methods="1" coveredmethods="1"/>
          <line num="5" count="3" type="stmt"/>
          <line num="6" count="2" type="cond" truecount="2" falsecount="0"/>
          <line num="7" count="1" type="stmt"/>
          <line num="19" count="1" type="stmt"/>
          <line num="22" count="3" type="stmt"/>
        </file>
        <file name="ToolsBar.jsx" path="/Users/esteban/Respositories/contacts-directory-netcore/client/src/components/Contacts/ToolsBar.jsx">
          <metrics statements="3" coveredstatements="3" conditionals="0" coveredconditionals="0" methods="1" coveredmethods="1"/>
          <line num="6" count="3" type="stmt"/>
          <line num="7" count="2" type="stmt"/>
          <line num="19" count="3" type="stmt"/>
        </file>
        <file name="index.jsx" path="/Users/esteban/Respositories/contacts-directory-netcore/client/src/components/Contacts/index.jsx">
          <metrics statements="7" coveredstatements="7" conditionals="0" coveredconditionals="0" methods="5" coveredmethods="5"/>
          <line num="7" count="2" type="stmt"/>
          <line num="20" count="1" type="stmt"/>
          <line num="26" count="1" type="stmt"/>
          <line num="31" count="1" type="stmt"/>
          <line num="32" count="1" type="stmt"/>
          <line num="35" count="10" type="stmt"/>
          <line num="36" count="10" type="stmt"/>
        </file>
      </package>
      <package name="client.src.components.Contacts.ContactForm">
        <metrics statements="25" coveredstatements="3" conditionals="12" coveredconditionals="0" methods="13" coveredmethods="0"/>
        <file name="AddAvatarModal.jsx" path="/Users/esteban/Respositories/contacts-directory-netcore/client/src/components/Contacts/ContactForm/AddAvatarModal.jsx">
          <metrics statements="3" coveredstatements="2" conditionals="2" coveredconditionals="0" methods="1" coveredmethods="0"/>
          <line num="6" count="3" type="stmt"/>
          <line num="13" count="0" type="stmt"/>
          <line num="49" count="3" type="stmt"/>
        </file>
        <file name="Slots.jsx" path="/Users/esteban/Respositories/contacts-directory-netcore/client/src/components/Contacts/ContactForm/Slots.jsx">
          <metrics statements="6" coveredstatements="1" conditionals="4" coveredconditionals="0" methods="3" coveredmethods="0"/>
          <line num="4" count="3" type="stmt"/>
          <line num="24" count="0" type="stmt"/>
          <line num="26" count="0" type="stmt"/>
          <line num="32" count="0" type="stmt"/>
          <line num="33" count="0" type="stmt"/>
          <line num="34" count="0" type="stmt"/>
        </file>
        <file name="index.jsx" path="/Users/esteban/Respositories/contacts-directory-netcore/client/src/components/Contacts/ContactForm/index.jsx">
          <metrics statements="16" coveredstatements="0" conditionals="6" coveredconditionals="0" methods="9" coveredmethods="0"/>
          <line num="22" count="0" type="stmt"/>
          <line num="24" count="0" type="stmt"/>
          <line num="25" count="0" type="stmt"/>
          <line num="28" count="0" type="stmt"/>
          <line num="34" count="0" type="stmt"/>
          <line num="44" count="0" type="stmt"/>
          <line num="48" count="0" type="stmt"/>
          <line num="49" count="0" type="stmt"/>
          <line num="50" count="0" type="stmt"/>
          <line num="51" count="0" type="stmt"/>
          <line num="52" count="0" type="stmt"/>
          <line num="57" count="0" type="stmt"/>
          <line num="62" count="0" type="stmt"/>
          <line num="69" count="0" type="stmt"/>
          <line num="73" count="0" type="stmt"/>
          <line num="74" count="0" type="stmt"/>
        </file>
      </package>
      <package name="client.src.components.Header">
        <metrics statements="2" coveredstatements="1" conditionals="0" coveredconditionals="0" methods="1" coveredmethods="0"/>
        <file name="index.jsx" path="/Users/esteban/Respositories/contacts-directory-netcore/client/src/components/Header/index.jsx">
          <metrics statements="2" coveredstatements="1" conditionals="0" coveredconditionals="0" methods="1" coveredmethods="0"/>
          <line num="4" count="1" type="stmt"/>
          <line num="5" count="0" type="stmt"/>
        </file>
      </package>
    </metrics>
  </project>
</coverage>
