{"/Users/esteban/Respositories/contacts-directory-netcore/client/setupTests.js": {"path":"/Users/esteban/Respositories/contacts-directory-netcore/client/setupTests.js","statementMap":{"0":{"start":{"line":4,"column":0},"end":{"line":4,"column":38}}},"fnMap":{},"branchMap":{},"s":{"0":6},"f":{},"b":{},"_coverageSchema":"332fd63041d2c1bcb487cc26dd0d5f7d97098a6c","hash":"74341c3d4d70ea97a462d986f04dea7cfc460364"}
,"/Users/esteban/Respositories/contacts-directory-netcore/client/src/components/App.jsx": {"path":"/Users/esteban/Respositories/contacts-directory-netcore/client/src/components/App.jsx","statementMap":{"0":{"start":{"line":5,"column":12},"end":{"line":10,"column":1}},"1":{"start":{"line":6,"column":2},"end":{"line":9,"column":19}}},"fnMap":{"0":{"name":"(anonymous_0)","decl":{"start":{"line":5,"column":12},"end":{"line":5,"column":13}},"loc":{"start":{"line":6,"column":2},"end":{"line":9,"column":19}},"line":6}},"branchMap":{},"s":{"0":1,"1":2},"f":{"0":2},"b":{},"_coverageSchema":"332fd63041d2c1bcb487cc26dd0d5f7d97098a6c","hash":"69a7b8865bd4ee8c7c750625f8e4d5048dd598bf"}
,"/Users/esteban/Respositories/contacts-directory-netcore/client/src/components/Contacts/CreateContactModal.jsx": {"path":"/Users/esteban/Respositories/contacts-directory-netcore/client/src/components/Contacts/CreateContactModal.jsx","statementMap":{"0":{"start":{"line":6,"column":27},"end":{"line":15,"column":1}},"1":{"start":{"line":7,"column":2},"end":{"line":14,"column":10}},"2":{"start":{"line":17,"column":0},"end":{"line":20,"column":2}}},"fnMap":{"0":{"name":"(anonymous_0)","decl":{"start":{"line":6,"column":27},"end":{"line":6,"column":28}},"loc":{"start":{"line":7,"column":2},"end":{"line":14,"column":10}},"line":7}},"branchMap":{},"s":{"0":3,"1":1,"2":3},"f":{"0":1},"b":{},"_coverageSchema":"332fd63041d2c1bcb487cc26dd0d5f7d97098a6c","hash":"bc50ee8941badeca3ad2c666dc28b1ab7f5440b4"}
,"/Users/esteban/Respositories/contacts-directory-netcore/client/src/components/Contacts/Navigation.jsx": {"path":"/Users/esteban/Respositories/contacts-directory-netcore/client/src/components/Contacts/Navigation.jsx","statementMap":{"0":{"start":{"line":5,"column":19},"end":{"line":20,"column":1}},"1":{"start":{"line":6,"column":2},"end":{"line":19,"column":4}},"2":{"start":{"line":22,"column":0},"end":{"line":25,"column":2}}},"fnMap":{"0":{"name":"(anonymous_0)","decl":{"start":{"line":5,"column":19},"end":{"line":5,"column":20}},"loc":{"start":{"line":5,"column":51},"end":{"line":20,"column":1}},"line":5}},"branchMap":{},"s":{"0":3,"1":1,"2":3},"f":{"0":1},"b":{},"_coverageSchema":"332fd63041d2c1bcb487cc26dd0d5f7d97098a6c","hash":"8ae43af60518c5fee1526daa44c2bbcd2b41b28e"}
,"/Users/esteban/Respositories/contacts-directory-netcore/client/src/components/Contacts/SearchBar.jsx": {"path":"/Users/esteban/Respositories/contacts-directory-netcore/client/src/components/Contacts/SearchBar.jsx","statementMap":{"0":{"start":{"line":5,"column":18},"end":{"line":20,"column":1}},"1":{"start":{"line":6,"column":2},"end":{"line":18,"column":3}},"2":{"start":{"line":7,"column":4},"end":{"line":17,"column":6}},"3":{"start":{"line":19,"column":2},"end":{"line":19,"column":14}},"4":{"start":{"line":22,"column":0},"end":{"line":25,"column":2}}},"fnMap":{"0":{"name":"(anonymous_0)","decl":{"start":{"line":5,"column":18},"end":{"line":5,"column":19}},"loc":{"start":{"line":5,"column":48},"end":{"line":20,"column":1}},"line":5}},"branchMap":{"0":{"loc":{"start":{"line":6,"column":2},"end":{"line":18,"column":3}},"type":"if","locations":[{"start":{"line":6,"column":2},"end":{"line":18,"column":3}},{"start":{"line":6,"column":2},"end":{"line":18,"column":3}}],"line":6}},"s":{"0":3,"1":2,"2":1,"3":1,"4":3},"f":{"0":2},"b":{"0":[1,1]},"_coverageSchema":"332fd63041d2c1bcb487cc26dd0d5f7d97098a6c","hash":"6d1dbaf9ec6ed4404ada3138253a1e32ced7a2a1"}
,"/Users/esteban/Respositories/contacts-directory-netcore/client/src/components/Contacts/ToolsBar.jsx": {"path":"/Users/esteban/Respositories/contacts-directory-netcore/client/src/components/Contacts/ToolsBar.jsx","statementMap":{"0":{"start":{"line":6,"column":17},"end":{"line":17,"column":1}},"1":{"start":{"line":7,"column":2},"end":{"line":16,"column":4}},"2":{"start":{"line":19,"column":0},"end":{"line":25,"column":2}}},"fnMap":{"0":{"name":"(anonymous_0)","decl":{"start":{"line":6,"column":17},"end":{"line":6,"column":18}},"loc":{"start":{"line":6,"column":58},"end":{"line":17,"column":1}},"line":6}},"branchMap":{},"s":{"0":3,"1":2,"2":3},"f":{"0":2},"b":{},"_coverageSchema":"332fd63041d2c1bcb487cc26dd0d5f7d97098a6c","hash":"b7a2d92d81a6a62a2ca0b0650a1ce365982419b0"}
,"/Users/esteban/Respositories/contacts-directory-netcore/client/src/components/Contacts/index.jsx": {"path":"/Users/esteban/Respositories/contacts-directory-netcore/client/src/components/Contacts/index.jsx","statementMap":{"0":{"start":{"line":7,"column":16},"end":{"line":10,"column":1}},"1":{"start":{"line":20,"column":4},"end":{"line":22,"column":7}},"2":{"start":{"line":26,"column":4},"end":{"line":28,"column":7}},"3":{"start":{"line":31,"column":26},"end":{"line":31,"column":61}},"4":{"start":{"line":32,"column":27},"end":{"line":32,"column":63}},"5":{"start":{"line":35,"column":49},"end":{"line":35,"column":59}},"6":{"start":{"line":36,"column":4},"end":{"line":52,"column":6}}},"fnMap":{"0":{"name":"(anonymous_0)","decl":{"start":{"line":19,"column":15},"end":{"line":19,"column":16}},"loc":{"start":{"line":19,"column":32},"end":{"line":23,"column":3}},"line":19},"1":{"name":"(anonymous_1)","decl":{"start":{"line":25,"column":19},"end":{"line":25,"column":20}},"loc":{"start":{"line":25,"column":25},"end":{"line":29,"column":3}},"line":25},"2":{"name":"(anonymous_2)","decl":{"start":{"line":31,"column":20},"end":{"line":31,"column":21}},"loc":{"start":{"line":31,"column":26},"end":{"line":31,"column":61}},"line":31},"3":{"name":"(anonymous_3)","decl":{"start":{"line":32,"column":21},"end":{"line":32,"column":22}},"loc":{"start":{"line":32,"column":27},"end":{"line":32,"column":63}},"line":32},"4":{"name":"(anonymous_4)","decl":{"start":{"line":34,"column":2},"end":{"line":34,"column":3}},"loc":{"start":{"line":34,"column":11},"end":{"line":53,"column":3}},"line":34}},"branchMap":{},"s":{"0":2,"1":1,"2":1,"3":1,"4":1,"5":10,"6":10},"f":{"0":1,"1":1,"2":1,"3":1,"4":10},"b":{},"_coverageSchema":"332fd63041d2c1bcb487cc26dd0d5f7d97098a6c","hash":"b287afda1b820659386db2a8dd81e2f4e3a2ddae"}
,"/Users/esteban/Respositories/contacts-directory-netcore/client/src/components/Contacts/ContactForm/AddAvatarModal.jsx": {"path":"/Users/esteban/Respositories/contacts-directory-netcore/client/src/components/Contacts/ContactForm/AddAvatarModal.jsx","statementMap":{"0":{"start":{"line":6,"column":23},"end":{"line":47,"column":1}},"1":{"start":{"line":13,"column":2},"end":{"line":46,"column":10}},"2":{"start":{"line":49,"column":0},"end":{"line":55,"column":2}}},"fnMap":{"0":{"name":"(anonymous_0)","decl":{"start":{"line":6,"column":23},"end":{"line":6,"column":24}},"loc":{"start":{"line":13,"column":2},"end":{"line":46,"column":10}},"line":13}},"branchMap":{"0":{"loc":{"start":{"line":18,"column":11},"end":{"line":28,"column":11}},"type":"cond-expr","locations":[{"start":{"line":19,"column":12},"end":{"line":22,"column":29}},{"start":{"line":24,"column":12},"end":{"line":27,"column":22}}],"line":18}},"s":{"0":3,"1":0,"2":3},"f":{"0":0},"b":{"0":[0,0]},"_coverageSchema":"332fd63041d2c1bcb487cc26dd0d5f7d97098a6c","hash":"f497716a2eac20ee48b6b2c7e6927885a36fbe73"}
,"/Users/esteban/Respositories/contacts-directory-netcore/client/src/components/Contacts/ContactForm/Slots.jsx": {"path":"/Users/esteban/Respositories/contacts-directory-netcore/client/src/components/Contacts/ContactForm/Slots.jsx","statementMap":{"0":{"start":{"line":4,"column":18},"end":{"line":14,"column":1}},"1":{"start":{"line":24,"column":35},"end":{"line":24,"column":70}},"2":{"start":{"line":26,"column":4},"end":{"line":28,"column":7}},"3":{"start":{"line":32,"column":45},"end":{"line":32,"column":55}},"4":{"start":{"line":33,"column":25},"end":{"line":33,"column":35}},"5":{"start":{"line":34,"column":4},"end":{"line":61,"column":6}}},"fnMap":{"0":{"name":"(anonymous_0)","decl":{"start":{"line":24,"column":17},"end":{"line":24,"column":18}},"loc":{"start":{"line":24,"column":35},"end":{"line":24,"column":70}},"line":24},"1":{"name":"(anonymous_1)","decl":{"start":{"line":25,"column":19},"end":{"line":25,"column":20}},"loc":{"start":{"line":25,"column":44},"end":{"line":29,"column":3}},"line":25},"2":{"name":"(anonymous_2)","decl":{"start":{"line":31,"column":2},"end":{"line":31,"column":3}},"loc":{"start":{"line":31,"column":11},"end":{"line":62,"column":3}},"line":31}},"branchMap":{"0":{"loc":{"start":{"line":44,"column":10},"end":{"line":51,"column":14}},"type":"cond-expr","locations":[{"start":{"line":45,"column":10},"end":{"line":50,"column":12}},{"start":{"line":51,"column":10},"end":{"line":51,"column":14}}],"line":44},"1":{"loc":{"start":{"line":44,"column":10},"end":{"line":44,"column":38}},"type":"binary-expr","locations":[{"start":{"line":44,"column":10},"end":{"line":44,"column":19}},{"start":{"line":44,"column":23},"end":{"line":44,"column":38}}],"line":44}},"s":{"0":3,"1":0,"2":0,"3":0,"4":0,"5":0},"f":{"0":0,"1":0,"2":0},"b":{"0":[0,0],"1":[0,0]},"_coverageSchema":"332fd63041d2c1bcb487cc26dd0d5f7d97098a6c","hash":"0426b8f275492a6d8d32c47555fe91231b52eb4b"}
,"/Users/esteban/Respositories/contacts-directory-netcore/client/src/components/Contacts/ContactForm/index.jsx": {"path":"/Users/esteban/Respositories/contacts-directory-netcore/client/src/components/Contacts/ContactForm/index.jsx","statementMap":{"0":{"start":{"line":22,"column":28},"end":{"line":22,"column":87}},"1":{"start":{"line":24,"column":27},"end":{"line":24,"column":66}},"2":{"start":{"line":25,"column":28},"end":{"line":25,"column":68}},"3":{"start":{"line":28,"column":4},"end":{"line":30,"column":7}},"4":{"start":{"line":34,"column":17},"end":{"line":42,"column":5}},"5":{"start":{"line":44,"column":4},"end":{"line":44,"column":24}},"6":{"start":{"line":48,"column":17},"end":{"line":48,"column":34}},"7":{"start":{"line":49,"column":23},"end":{"line":49,"column":39}},"8":{"start":{"line":50,"column":4},"end":{"line":50,"column":35}},"9":{"start":{"line":51,"column":4},"end":{"line":58,"column":6}},"10":{"start":{"line":52,"column":19},"end":{"line":56,"column":7}},"11":{"start":{"line":57,"column":6},"end":{"line":57,"column":26}},"12":{"start":{"line":62,"column":17},"end":{"line":68,"column":5}},"13":{"start":{"line":69,"column":4},"end":{"line":69,"column":24}},"14":{"start":{"line":73,"column":52},"end":{"line":73,"column":62}},"15":{"start":{"line":74,"column":4},"end":{"line":126,"column":6}}},"fnMap":{"0":{"name":"(anonymous_0)","decl":{"start":{"line":22,"column":22},"end":{"line":22,"column":23}},"loc":{"start":{"line":22,"column":28},"end":{"line":22,"column":87}},"line":22},"1":{"name":"(anonymous_1)","decl":{"start":{"line":24,"column":21},"end":{"line":24,"column":22}},"loc":{"start":{"line":24,"column":27},"end":{"line":24,"column":66}},"line":24},"2":{"name":"(anonymous_2)","decl":{"start":{"line":25,"column":22},"end":{"line":25,"column":23}},"loc":{"start":{"line":25,"column":28},"end":{"line":25,"column":68}},"line":25},"3":{"name":"(anonymous_3)","decl":{"start":{"line":27,"column":17},"end":{"line":27,"column":18}},"loc":{"start":{"line":27,"column":41},"end":{"line":31,"column":3}},"line":27},"4":{"name":"(anonymous_4)","decl":{"start":{"line":33,"column":12},"end":{"line":33,"column":13}},"loc":{"start":{"line":33,"column":45},"end":{"line":45,"column":3}},"line":33},"5":{"name":"(anonymous_5)","decl":{"start":{"line":47,"column":19},"end":{"line":47,"column":20}},"loc":{"start":{"line":47,"column":24},"end":{"line":59,"column":3}},"line":47},"6":{"name":"(anonymous_6)","decl":{"start":{"line":51,"column":24},"end":{"line":51,"column":25}},"loc":{"start":{"line":51,"column":31},"end":{"line":58,"column":5}},"line":51},"7":{"name":"(anonymous_7)","decl":{"start":{"line":61,"column":24},"end":{"line":61,"column":25}},"loc":{"start":{"line":61,"column":30},"end":{"line":70,"column":3}},"line":61},"8":{"name":"(anonymous_8)","decl":{"start":{"line":72,"column":2},"end":{"line":72,"column":3}},"loc":{"start":{"line":72,"column":11},"end":{"line":127,"column":3}},"line":72}},"branchMap":{"0":{"loc":{"start":{"line":87,"column":14},"end":{"line":89,"column":18}},"type":"cond-expr","locations":[{"start":{"line":88,"column":14},"end":{"line":88,"column":39}},{"start":{"line":89,"column":14},"end":{"line":89,"column":18}}],"line":87},"1":{"loc":{"start":{"line":117,"column":10},"end":{"line":119,"column":14}},"type":"cond-expr","locations":[{"start":{"line":118,"column":10},"end":{"line":118,"column":43}},{"start":{"line":119,"column":10},"end":{"line":119,"column":14}}],"line":117},"2":{"loc":{"start":{"line":122,"column":12},"end":{"line":122,"column":63}},"type":"cond-expr","locations":[{"start":{"line":122,"column":28},"end":{"line":122,"column":49}},{"start":{"line":122,"column":52},"end":{"line":122,"column":63}}],"line":122}},"s":{"0":0,"1":0,"2":0,"3":0,"4":0,"5":0,"6":0,"7":0,"8":0,"9":0,"10":0,"11":0,"12":0,"13":0,"14":0,"15":0},"f":{"0":0,"1":0,"2":0,"3":0,"4":0,"5":0,"6":0,"7":0,"8":0},"b":{"0":[0,0],"1":[0,0],"2":[0,0]},"_coverageSchema":"332fd63041d2c1bcb487cc26dd0d5f7d97098a6c","hash":"8def07c9962eb3ab4120f89caba4d0788f1786eb"}
,"/Users/esteban/Respositories/contacts-directory-netcore/client/src/components/Header/index.jsx": {"path":"/Users/esteban/Respositories/contacts-directory-netcore/client/src/components/Header/index.jsx","statementMap":{"0":{"start":{"line":4,"column":15},"end":{"line":8,"column":1}},"1":{"start":{"line":5,"column":2},"end":{"line":7,"column":11}}},"fnMap":{"0":{"name":"(anonymous_0)","decl":{"start":{"line":4,"column":15},"end":{"line":4,"column":16}},"loc":{"start":{"line":5,"column":2},"end":{"line":7,"column":11}},"line":5}},"branchMap":{},"s":{"0":1,"1":0},"f":{"0":0},"b":{},"_coverageSchema":"332fd63041d2c1bcb487cc26dd0d5f7d97098a6c","hash":"9af886ccaad61d21d00efff235dc01fcb4a75e3f"}
}
