TN:
SF:/Users/esteban/Respositories/contacts-directory-netcore/client/setupTests.js
FNF:0
FNH:0
DA:4,6
LF:1
LH:1
BRF:0
BRH:0
end_of_record
TN:
SF:/Users/esteban/Respositories/contacts-directory-netcore/client/src/components/App.jsx
FN:5,(anonymous_0)
FNF:1
FNH:1
FNDA:2,(anonymous_0)
DA:5,1
DA:6,2
LF:2
LH:2
BRF:0
BRH:0
end_of_record
TN:
SF:/Users/esteban/Respositories/contacts-directory-netcore/client/src/components/Contacts/CreateContactModal.jsx
FN:6,(anonymous_0)
FNF:1
FNH:1
FNDA:1,(anonymous_0)
DA:6,3
DA:7,1
DA:17,3
LF:3
LH:3
BRF:0
BRH:0
end_of_record
TN:
SF:/Users/esteban/Respositories/contacts-directory-netcore/client/src/components/Contacts/Navigation.jsx
FN:5,(anonymous_0)
FNF:1
FNH:1
FNDA:1,(anonymous_0)
DA:5,3
DA:6,1
DA:22,3
LF:3
LH:3
BRF:0
BRH:0
end_of_record
TN:
SF:/Users/esteban/Respositories/contacts-directory-netcore/client/src/components/Contacts/SearchBar.jsx
FN:5,(anonymous_0)
FNF:1
FNH:1
FNDA:2,(anonymous_0)
DA:5,3
DA:6,2
DA:7,1
DA:19,1
DA:22,3
LF:5
LH:5
BRDA:6,0,0,1
BRDA:6,0,1,1
BRF:2
BRH:2
end_of_record
TN:
SF:/Users/esteban/Respositories/contacts-directory-netcore/client/src/components/Contacts/ToolsBar.jsx
FN:6,(anonymous_0)
FNF:1
FNH:1
FNDA:2,(anonymous_0)
DA:6,3
DA:7,2
DA:19,3
LF:3
LH:3
BRF:0
BRH:0
end_of_record
TN:
SF:/Users/esteban/Respositories/contacts-directory-netcore/client/src/components/Contacts/index.jsx
FN:19,(anonymous_0)
FN:25,(anonymous_1)
FN:31,(anonymous_2)
FN:32,(anonymous_3)
FN:34,(anonymous_4)
FNF:5
FNH:5
FNDA:1,(anonymous_0)
FNDA:1,(anonymous_1)
FNDA:1,(anonymous_2)
FNDA:1,(anonymous_3)
FNDA:10,(anonymous_4)
DA:7,2
DA:20,1
DA:26,1
DA:31,1
DA:32,1
DA:35,10
DA:36,10
LF:7
LH:7
BRF:0
BRH:0
end_of_record
TN:
SF:/Users/esteban/Respositories/contacts-directory-netcore/client/src/components/Contacts/ContactForm/AddAvatarModal.jsx
FN:6,(anonymous_0)
FNF:1
FNH:0
FNDA:0,(anonymous_0)
DA:6,3
DA:13,0
DA:49,3
LF:3
LH:2
BRDA:18,0,0,0
BRDA:18,0,1,0
BRF:2
BRH:0
end_of_record
TN:
SF:/Users/esteban/Respositories/contacts-directory-netcore/client/src/components/Contacts/ContactForm/Slots.jsx
FN:24,(anonymous_0)
FN:25,(anonymous_1)
FN:31,(anonymous_2)
FNF:3
FNH:0
FNDA:0,(anonymous_0)
FNDA:0,(anonymous_1)
FNDA:0,(anonymous_2)
DA:4,3
DA:24,0
DA:26,0
DA:32,0
DA:33,0
DA:34,0
LF:6
LH:1
BRDA:44,0,0,0
BRDA:44,0,1,0
BRDA:44,1,0,0
BRDA:44,1,1,0
BRF:4
BRH:0
end_of_record
TN:
SF:/Users/esteban/Respositories/contacts-directory-netcore/client/src/components/Contacts/ContactForm/index.jsx
FN:22,(anonymous_0)
FN:24,(anonymous_1)
FN:25,(anonymous_2)
FN:27,(anonymous_3)
FN:33,(anonymous_4)
FN:47,(anonymous_5)
FN:51,(anonymous_6)
FN:61,(anonymous_7)
FN:72,(anonymous_8)
FNF:9
FNH:0
FNDA:0,(anonymous_0)
FNDA:0,(anonymous_1)
FNDA:0,(anonymous_2)
FNDA:0,(anonymous_3)
FNDA:0,(anonymous_4)
FNDA:0,(anonymous_5)
FNDA:0,(anonymous_6)
FNDA:0,(anonymous_7)
FNDA:0,(anonymous_8)
DA:22,0
DA:24,0
DA:25,0
DA:28,0
DA:34,0
DA:44,0
DA:48,0
DA:49,0
DA:50,0
DA:51,0
DA:52,0
DA:57,0
DA:62,0
DA:69,0
DA:73,0
DA:74,0
LF:16
LH:0
BRDA:87,0,0,0
BRDA:87,0,1,0
BRDA:117,1,0,0
BRDA:117,1,1,0
BRDA:122,2,0,0
BRDA:122,2,1,0
BRF:6
BRH:0
end_of_record
TN:
SF:/Users/esteban/Respositories/contacts-directory-netcore/client/src/components/Header/index.jsx
FN:4,(anonymous_0)
FNF:1
FNH:0
FNDA:0,(anonymous_0)
DA:4,1
DA:5,0
LF:2
LH:1
BRF:0
BRH:0
end_of_record
